{"type":"server-started","port":51636,"host":"127.0.0.1","url_host":"localhost","url":"http://localhost:51636","screen_dir":"/Users/bcd/Desktop/kahoot-mvp/.superpowers/brainstorm/84399-1778427985/content","state_dir":"/Users/bcd/Desktop/kahoot-mvp/.superpowers/brainstorm/84399-1778427985/state"}
{"type":"screen-added","file":"/Users/bcd/Desktop/kahoot-mvp/.superpowers/brainstorm/84399-1778427985/content/welcome.html"}
{"type":"screen-updated","file":"/Users/bcd/Desktop/kahoot-mvp/.superpowers/brainstorm/84399-1778427985/content/welcome.html"}
{"type":"screen-updated","file":"/Users/bcd/Desktop/kahoot-mvp/.superpowers/brainstorm/84399-1778427985/content/welcome.html"}
{"type":"screen-updated","file":"/Users/bcd/Desktop/kahoot-mvp/.superpowers/brainstorm/84399-1778427985/content/welcome.html"}
{"type":"screen-added","file":"/Users/bcd/Desktop/kahoot-mvp/.superpowers/brainstorm/84399-1778427985/content/stack-comparison.html"}
{"type":"screen-updated","file":"/Users/bcd/Desktop/kahoot-mvp/.superpowers/brainstorm/84399-1778427985/content/stack-comparison.html"}
{"type":"screen-updated","file":"/Users/bcd/Desktop/kahoot-mvp/.superpowers/brainstorm/84399-1778427985/content/stack-comparison.html"}
{"type":"screen-updated","file":"/Users/bcd/Desktop/kahoot-mvp/.superpowers/brainstorm/84399-1778427985/content/stack-comparison.html"}
{"type":"screen-added","file":"/Users/bcd/Desktop/kahoot-mvp/.superpowers/brainstorm/84399-1778427985/content/architecture-overview.html"}
{"type":"screen-updated","file":"/Users/bcd/Desktop/kahoot-mvp/.superpowers/brainstorm/84399-1778427985/content/architecture-overview.html"}
{"type":"screen-updated","file":"/Users/bcd/Desktop/kahoot-mvp/.superpowers/brainstorm/84399-1778427985/content/architecture-overview.html"}
{"type":"screen-updated","file":"/Users/bcd/Desktop/kahoot-mvp/.superpowers/brainstorm/84399-1778427985/content/architecture-overview.html"}
{"type":"screen-added","file":"/Users/bcd/Desktop/kahoot-mvp/.superpowers/brainstorm/84399-1778427985/content/data-model.html"}
{"type":"screen-updated","file":"/Users/bcd/Desktop/kahoot-mvp/.superpowers/brainstorm/84399-1778427985/content/data-model.html"}
{"type":"screen-updated","file":"/Users/bcd/Desktop/kahoot-mvp/.superpowers/brainstorm/84399-1778427985/content/data-model.html"}
{"type":"screen-updated","file":"/Users/bcd/Desktop/kahoot-mvp/.superpowers/brainstorm/84399-1778427985/content/data-model.html"}
{"type":"screen-added","file":"/Users/bcd/Desktop/kahoot-mvp/.superpowers/brainstorm/84399-1778427985/content/realtime-flow.html"}
{"type":"screen-updated","file":"/Users/bcd/Desktop/kahoot-mvp/.superpowers/brainstorm/84399-1778427985/content/realtime-flow.html"}
{"type":"screen-updated","file":"/Users/bcd/Desktop/kahoot-mvp/.superpowers/brainstorm/84399-1778427985/content/realtime-flow.html"}
{"type":"screen-updated","file":"/Users/bcd/Desktop/kahoot-mvp/.superpowers/brainstorm/84399-1778427985/content/realtime-flow.html"}
{"type":"screen-added","file":"/Users/bcd/Desktop/kahoot-mvp/.superpowers/brainstorm/84399-1778427985/content/waiting.html"}
{"type":"screen-updated","file":"/Users/bcd/Desktop/kahoot-mvp/.superpowers/brainstorm/84399-1778427985/content/waiting.html"}
{"type":"screen-updated","file":"/Users/bcd/Desktop/kahoot-mvp/.superpowers/brainstorm/84399-1778427985/content/waiting.html"}
{"type":"screen-updated","file":"/Users/bcd/Desktop/kahoot-mvp/.superpowers/brainstorm/84399-1778427985/content/waiting.html"}
{"type":"server-stopped","reason":"owner process exited"}
